c:\users\christian\documents\visual studio 2015\projects\engine\bin\debug\intermediates\vc140.pdb
c:\users\christian\documents\visual studio 2015\projects\engine\bin\debug\intermediates\vc140.idb
c:\users\christian\documents\visual studio 2015\projects\engine\bin\debug\intermediates\interpolation.obj
c:\users\christian\documents\visual studio 2015\projects\engine\bin\debug\intermediates\allocator.obj
c:\users\christian\documents\visual studio 2015\projects\engine\bin\debug\intermediates\buffer.obj
c:\users\christian\documents\visual studio 2015\projects\engine\bin\debug\intermediates\cubemap.obj
c:\users\christian\documents\visual studio 2015\projects\engine\bin\debug\intermediates\mesh.obj
c:\users\christian\documents\visual studio 2015\projects\engine\bin\debug\intermediates\renderer.obj
c:\users\christian\documents\visual studio 2015\projects\engine\bin\debug\intermediates\scene.obj
c:\users\christian\documents\visual studio 2015\projects\engine\bin\debug\intermediates\inputmanager.obj
c:\users\christian\documents\visual studio 2015\projects\engine\bin\debug\intermediates\window.obj
c:\users\christian\documents\visual studio 2015\projects\engine\bin\debug\intermediates\mat4.obj
c:\users\christian\documents\visual studio 2015\projects\engine\bin\debug\intermediates\quaternion.obj
c:\users\christian\documents\visual studio 2015\projects\engine\bin\debug\intermediates\collisionmanager.obj
c:\users\christian\documents\visual studio 2015\projects\engine\bin\debug\intermediates\system.obj
c:\users\christian\documents\visual studio 2015\projects\engine\bin\debug\intermediates\systemmanager.obj
c:\users\christian\documents\visual studio 2015\projects\engine\bin\debug\intermediates\fileutils.obj
c:\users\christian\documents\visual studio 2015\projects\engine\bin\debug\intermediates\log.obj
c:\users\christian\documents\visual studio 2015\projects\engine\bin\debug\intermediates\time.obj
c:\users\christian\documents\visual studio 2015\projects\engine\bin\debug\intermediates\string.obj
c:\users\christian\documents\visual studio 2015\projects\engine\bin\debug\intermediates\game.obj
c:\users\christian\documents\visual studio 2015\projects\engine\bin\debug\intermediates\application.obj
c:\users\christian\documents\visual studio 2015\projects\engine\bin\debug\intermediates\audiosource.obj
c:\users\christian\documents\visual studio 2015\projects\engine\bin\debug\intermediates\atb.obj
c:\users\christian\documents\visual studio 2015\projects\engine\bin\debug\intermediates\camera.obj
c:\users\christian\documents\visual studio 2015\projects\engine\bin\debug\intermediates\entity.obj
c:\users\christian\documents\visual studio 2015\projects\engine\bin\debug\intermediates\followcamera.obj
c:\users\christian\documents\visual studio 2015\projects\engine\bin\debug\intermediates\light.obj
c:\users\christian\documents\visual studio 2015\projects\engine\bin\debug\intermediates\animation.obj
c:\users\christian\documents\visual studio 2015\projects\engine\bin\debug\intermediates\animationloader.obj
c:\users\christian\documents\visual studio 2015\projects\engine\bin\debug\intermediates\inputcontext.obj
c:\users\christian\documents\visual studio 2015\projects\engine\bin\debug\intermediates\inputmapper.obj
c:\users\christian\documents\visual studio 2015\projects\engine\bin\debug\intermediates\rangeconverter.obj
c:\users\christian\documents\visual studio 2015\projects\engine\bin\debug\intermediates\rawinput.obj
c:\users\christian\documents\visual studio 2015\projects\engine\bin\debug\intermediates\vec3.obj
c:\users\christian\documents\visual studio 2015\projects\engine\bin\debug\intermediates\console.obj
c:\users\christian\documents\visual studio 2015\projects\engine\bin\debug\intermediates\animationmanager.obj
c:\users\christian\documents\visual studio 2015\projects\engine\bin\debug\intermediates\main.obj
c:\users\christian\documents\visual studio 2015\projects\engine\bin\debug\intermediates\engine.tlog\cl.command.1.tlog
c:\users\christian\documents\visual studio 2015\projects\engine\bin\debug\intermediates\engine.tlog\cl.read.1.tlog
c:\users\christian\documents\visual studio 2015\projects\engine\bin\debug\intermediates\engine.tlog\cl.write.1.tlog
